


ARM Macro Assembler    Page 1 


    1 00000000                 AREA             RESET, DATA, READONLY
    2 00000000                 EXPORT           __Vectors
    3 00000000         __Vectors
    4 00000000 10001000        DCD              0X10001000
    5 00000004 00000000        DCD              Reset_Handler
    6 00000008                 ALIGN
    7 00000008                 AREA             mycode, CODE, READONLY
    8 00000000                 ENTRY
    9 00000000                 EXPORT           Reset_Handler
   10 00000000         Reset_Handler
   11 00000000 F04F 000A       MOV              R0, #10     ; Store immediate v
                                                            alue decimal 10 int
                                                            o R0
   12 00000004 4B02            LDR              R3, =VALUE1 ; Load address of V
                                                            ALUE1 into R3
   13 00000006 681C            LDR              R4, [R3]    ; Load contents of 
                                                            R3 from memory into
                                                             R4
   14 00000008 4605            MOV              R5, R0      ; Copy value from R
                                                            0 to R5
   15 0000000A E7FE    STOP    B                STOP
   16 0000000C         ;defining a memory location
   17 0000000C 00000008 
                       VALUE1  DCD              8
   18 00000010         END
                       
              00000000 
Command Line: --debug --xref --cpu=Cortex-M3 --apcs=interwork --depend=.\q1.d -
o.\q1.o -IC:\Keil\ARM\RV31\INC -IC:\Keil\ARM\CMSIS\Include -IC:\Keil\ARM\Inc\NX
P\LPC17xx --predefine="__EVAL SETA 1" --list=.\q1.lst q1.s



ARM Macro Assembler    Page 1 Alphabetic symbol ordering
Relocatable symbols

RESET 00000000

Symbol: RESET
   Definitions
      At line 1 in file q1.s
   Uses
      None
Comment: RESET unused
__Vectors 00000000

Symbol: __Vectors
   Definitions
      At line 3 in file q1.s
   Uses
      At line 2 in file q1.s
Comment: __Vectors used once
2 symbols



ARM Macro Assembler    Page 1 Alphabetic symbol ordering
Relocatable symbols

END 00000010

Symbol: END
   Definitions
      At line 18 in file q1.s
   Uses
      None
Comment: END unused
Reset_Handler 00000000

Symbol: Reset_Handler
   Definitions
      At line 10 in file q1.s
   Uses
      At line 5 in file q1.s
      At line 9 in file q1.s

STOP 0000000A

Symbol: STOP
   Definitions
      At line 15 in file q1.s
   Uses
      At line 15 in file q1.s
Comment: STOP used once
VALUE1 0000000C

Symbol: VALUE1
   Definitions
      At line 17 in file q1.s
   Uses
      At line 12 in file q1.s
Comment: VALUE1 used once
mycode 00000000

Symbol: mycode
   Definitions
      At line 7 in file q1.s
   Uses
      None
Comment: mycode unused
5 symbols
340 symbols in table
