


ARM Macro Assembler    Page 1 


    1 00000000                 AREA             RESET, DATA, READONLY
    2 00000000                 EXPORT           __Vectors
    3 00000000         __Vectors
    4 00000000 10001000        DCD              0X10001000
    5 00000004 00000000        DCD              Reset_Handler
    6 00000008                 ALIGN
    7 00000008                 AREA             mycode, CODE, READONLY
    8 00000000                 ENTRY
    9 00000000                 EXPORT           Reset_Handler
   10 00000000         Reset_Handler
   11 00000000 F04F 0005       MOV              R0, #5
   12 00000004 F04F 0102       MOV              R1, #2
   13 00000008 F04F 0200       MOV              R2, #0
   14 0000000C         LOOP
   15 0000000C 4603            MOV              R3, R0
   16 0000000E 1A40            SUBS             R0, R0, R1
   17 00000010 D402            BMI              STOP
   18 00000012 F102 0201       ADD              R2, R2, #1
   19 00000016 E7F9            B                LOOP
   20 00000018         STOP
   21 00000018 E7FE            B                STOP
   22 0000001A 00 00 11111001 
                       N1      DCD              0x11111001
   23 00000020 11111101 
                       N2      DCD              0x11111101
   24 00000024                 AREA             mycode, DATA, READWRITE
   25 00000024 10000000 
                       DST     DCD              0x10000000
   26 00000028         END
                       
Command Line: --debug --xref --cpu=Cortex-M3 --apcs=interwork --depend=.\q3.d -
o.\q3.o -IC:\Keil\ARM\RV31\INC -IC:\Keil\ARM\CMSIS\Include -IC:\Keil\ARM\Inc\NX
P\LPC17xx --predefine="__EVAL SETA 1" --list=.\q3.lst q3.s



ARM Macro Assembler    Page 1 Alphabetic symbol ordering
Relocatable symbols

RESET 00000000

Symbol: RESET
   Definitions
      At line 1 in file q3.s
   Uses
      None
Comment: RESET unused
__Vectors 00000000

Symbol: __Vectors
   Definitions
      At line 3 in file q3.s
   Uses
      At line 2 in file q3.s
Comment: __Vectors used once
2 symbols



ARM Macro Assembler    Page 1 Alphabetic symbol ordering
Relocatable symbols

DST 00000024

Symbol: DST
   Definitions
      At line 25 in file q3.s
   Uses
      None
Comment: DST unused
END 00000028

Symbol: END
   Definitions
      At line 26 in file q3.s
   Uses
      None
Comment: END unused
LOOP 0000000C

Symbol: LOOP
   Definitions
      At line 14 in file q3.s
   Uses
      At line 19 in file q3.s
Comment: LOOP used once
N1 0000001C

Symbol: N1
   Definitions
      At line 22 in file q3.s
   Uses
      None
Comment: N1 unused
N2 00000020

Symbol: N2
   Definitions
      At line 23 in file q3.s
   Uses
      None
Comment: N2 unused
Reset_Handler 00000000

Symbol: Reset_Handler
   Definitions
      At line 10 in file q3.s
   Uses
      At line 5 in file q3.s
      At line 9 in file q3.s

STOP 00000018

Symbol: STOP
   Definitions
      At line 20 in file q3.s
   Uses
      At line 17 in file q3.s
      At line 21 in file q3.s

mycode 00000000



ARM Macro Assembler    Page 2 Alphabetic symbol ordering
Relocatable symbols


Symbol: mycode
   Definitions
      At line 7 in file q3.s
   Uses
      None
Comment: mycode unused
8 symbols
341 symbols in table
