


ARM Macro Assembler    Page 1 


    1 00000000                 AREA             RESET, DATA, READONLY
    2 00000000                 EXPORT           __Vectors
    3 00000000         __Vectors
    4 00000000 10001000        DCD              0X10001000
    5 00000004 00000000        DCD              Reset_Handler
    6 00000008                 ALIGN
    7 00000008                 AREA             mycode, CODE, READONLY
    8 00000000                 ENTRY
    9 00000000                 EXPORT           Reset_Handler
   10 00000000         Reset_Handler
   11 00000000 F04F 0004       MOV              R0, #4
   12 00000004 FB00 0100       MLA              R1, R0, R0, R0
   13 00000008 0849            MOVS             R1, R1, LSR #1
   14 0000000A         STOP
   15 0000000A E7FE            B                STOP
   16 0000000C 11111001 
                       N1      DCD              0x11111001
   17 00000010 11111101 
                       N2      DCD              0x11111101
   18 00000014         END
                       
Command Line: --debug --xref --cpu=Cortex-M3 --apcs=interwork --depend=.\q4.d -
o.\q4.o -IC:\Keil\ARM\RV31\INC -IC:\Keil\ARM\CMSIS\Include -IC:\Keil\ARM\Inc\NX
P\LPC17xx --predefine="__EVAL SETA 1" --list=.\q4.lst q4.s



ARM Macro Assembler    Page 1 Alphabetic symbol ordering
Relocatable symbols

RESET 00000000

Symbol: RESET
   Definitions
      At line 1 in file q4.s
   Uses
      None
Comment: RESET unused
__Vectors 00000000

Symbol: __Vectors
   Definitions
      At line 3 in file q4.s
   Uses
      At line 2 in file q4.s
Comment: __Vectors used once
2 symbols



ARM Macro Assembler    Page 1 Alphabetic symbol ordering
Relocatable symbols

END 00000014

Symbol: END
   Definitions
      At line 18 in file q4.s
   Uses
      None
Comment: END unused
N1 0000000C

Symbol: N1
   Definitions
      At line 16 in file q4.s
   Uses
      None
Comment: N1 unused
N2 00000010

Symbol: N2
   Definitions
      At line 17 in file q4.s
   Uses
      None
Comment: N2 unused
Reset_Handler 00000000

Symbol: Reset_Handler
   Definitions
      At line 10 in file q4.s
   Uses
      At line 5 in file q4.s
      At line 9 in file q4.s

STOP 0000000A

Symbol: STOP
   Definitions
      At line 14 in file q4.s
   Uses
      At line 15 in file q4.s
Comment: STOP used once
mycode 00000000

Symbol: mycode
   Definitions
      At line 7 in file q4.s
   Uses
      None
Comment: mycode unused
6 symbols
339 symbols in table
