


ARM Macro Assembler    Page 1 


    1 00000000                 AREA             RESET, DATA, READONLY
    2 00000000                 EXPORT           __Vectors
    3 00000000         __Vectors
    4 00000000 10001000        DCD              0X10001000
    5 00000004 00000000        DCD              Reset_Handler
    6 00000008                 ALIGN
    7 00000008                 AREA             mycode, CODE, READONLY
    8 00000000                 ENTRY
    9 00000000                 EXPORT           Reset_Handler
   10 00000000         Reset_Handler
   11 00000000 F8DF A054       LDR              R10, =OP1
   12 00000004 F8DA 1000       LDR              R1, [R10]
   13 00000008 F8DF B050       LDR              R11, =OP2
   14 0000000C F8DB 2000       LDR              R2, [R11]
   15 00000010         GCD
   16 00000010 4291            CMP              R1, R2
   17 00000012 D415            BMI              R2G
   18 00000014 EBA1 0102       SUB              R1, R1, R2  ; Subtract smaller 
                                                            no. from larger no.
                                                            
   19 00000018         RETA
   20 00000018 2900            CMP              R1, #0
   21 0000001A D014            BEQ              BRKA
   22 0000001C 2A00            CMP              R2, #0
   23 0000001E D014            BEQ              BRKB        ; if either are 0, 
                                                            GCD is the other, e
                                                            xit loop
   24 00000020 E7F6            B                GCD
   25 00000022         RETB
   26 00000022 F8DA 1000       LDR              R1, [R10]
   27 00000026 F8DB 2000       LDR              R2, [R11]
   28 0000002A F04F 0400       MOV              R4, #0
   29 0000002E FB01 F502       MUL              R5, R1, R2  ; Find largest poss
                                                            ible LCM (R1 * R2)
   30 00000032         DIVIDE                               ; And then divide i
                                                            t with calulated GC
                                                            D
   31 00000032 EBA5 0503       SUB              R5, R5, R3
   32 00000036 F104 0401       ADD              R4, #1
   33 0000003A 429D            CMP              R5, R3
   34 0000003C D5F9            BPL              DIVIDE
   35 0000003E         STOP
   36 0000003E E7FE            B                STOP
   37 00000040         R2G
   38 00000040 EBA2 0201       SUB              R2, R2, R1
   39 00000044 E7E8            B                RETA
   40 00000046         BRKA
   41 00000046 4613            MOV              R3, R2
   42 00000048 E7EB            B                RETB
   43 0000004A         BRKB
   44 0000004A 460B            MOV              R3, R1
   45 0000004C E7E9            B                RETB
   46 0000004E 00 00           ALIGN            4
   47 00000050 00000018 
                       OP1     DCD              24
   48 00000054 00000010 
                       OP2     DCD              16
   49 00000058         END
                       



ARM Macro Assembler    Page 2 


              00000000 
              00000000 
Command Line: --debug --xref --cpu=Cortex-M3 --apcs=interwork --depend=.\q7.d -
o.\q7.o -IC:\Keil\ARM\RV31\INC -IC:\Keil\ARM\CMSIS\Include -IC:\Keil\ARM\Inc\NX
P\LPC17xx --predefine="__EVAL SETA 1" --list=.\q7.lst q7.s



ARM Macro Assembler    Page 1 Alphabetic symbol ordering
Relocatable symbols

RESET 00000000

Symbol: RESET
   Definitions
      At line 1 in file q7.s
   Uses
      None
Comment: RESET unused
__Vectors 00000000

Symbol: __Vectors
   Definitions
      At line 3 in file q7.s
   Uses
      At line 2 in file q7.s
Comment: __Vectors used once
2 symbols



ARM Macro Assembler    Page 1 Alphabetic symbol ordering
Relocatable symbols

BRKA 00000046

Symbol: BRKA
   Definitions
      At line 40 in file q7.s
   Uses
      At line 21 in file q7.s
Comment: BRKA used once
BRKB 0000004A

Symbol: BRKB
   Definitions
      At line 43 in file q7.s
   Uses
      At line 23 in file q7.s
Comment: BRKB used once
DIVIDE 00000032

Symbol: DIVIDE
   Definitions
      At line 30 in file q7.s
   Uses
      At line 34 in file q7.s
Comment: DIVIDE used once
END 00000058

Symbol: END
   Definitions
      At line 49 in file q7.s
   Uses
      None
Comment: END unused
GCD 00000010

Symbol: GCD
   Definitions
      At line 15 in file q7.s
   Uses
      At line 24 in file q7.s
Comment: GCD used once
OP1 00000050

Symbol: OP1
   Definitions
      At line 47 in file q7.s
   Uses
      At line 11 in file q7.s
Comment: OP1 used once
OP2 00000054

Symbol: OP2
   Definitions
      At line 48 in file q7.s
   Uses
      At line 13 in file q7.s
Comment: OP2 used once
R2G 00000040

Symbol: R2G



ARM Macro Assembler    Page 2 Alphabetic symbol ordering
Relocatable symbols

   Definitions
      At line 37 in file q7.s
   Uses
      At line 17 in file q7.s
Comment: R2G used once
RETA 00000018

Symbol: RETA
   Definitions
      At line 19 in file q7.s
   Uses
      At line 39 in file q7.s
Comment: RETA used once
RETB 00000022

Symbol: RETB
   Definitions
      At line 25 in file q7.s
   Uses
      At line 42 in file q7.s
      At line 45 in file q7.s

Reset_Handler 00000000

Symbol: Reset_Handler
   Definitions
      At line 10 in file q7.s
   Uses
      At line 5 in file q7.s
      At line 9 in file q7.s

STOP 0000003E

Symbol: STOP
   Definitions
      At line 35 in file q7.s
   Uses
      At line 36 in file q7.s
Comment: STOP used once
mycode 00000000

Symbol: mycode
   Definitions
      At line 7 in file q7.s
   Uses
      None
Comment: mycode unused
13 symbols
348 symbols in table
