


ARM Macro Assembler    Page 1 


    1 00000000                 AREA             RESET, DATA, READONLY
    2 00000000                 EXPORT           __Vectors
    3 00000000         __Vectors
    4 00000000 10001000        DCD              0X10001000
    5 00000004 00000000        DCD              Reset_Handler
    6 00000008                 ALIGN
    7 00000008                 AREA             mycode, CODE, READONLY
    8 00000000                 ENTRY
    9 00000000                 EXPORT           Reset_Handler
   10 00000000         Reset_Handler
   11 00000000 F04F 0005       MOV              R0, #5
   12 00000004 F04F 010A       MOV              R1, #10
   13 00000008 F04F 020F       MOV              R2, #15
   14 0000000C F04F 0314       MOV              R3, #20
   15 00000010 EB00 0501       ADD              R5, R0, R1
   16 00000014 EB02 0603       ADD              R6, R2, R3
   17 00000018 EB05 0A06       ADD              R10, R5, R6
   18 0000001C E7FE    STOP    B                STOP
   19 0000001E                 END
Command Line: --debug --xref --cpu=Cortex-M3 --apcs=interwork --depend=.\exp2.d
 -o.\exp2.o -IC:\Keil\ARM\RV31\INC -IC:\Keil\ARM\CMSIS\Include -IC:\Keil\ARM\In
c\NXP\LPC17xx --predefine="__EVAL SETA 1" --list=.\exp2.lst exp2.s



ARM Macro Assembler    Page 1 Alphabetic symbol ordering
Relocatable symbols

RESET 00000000

Symbol: RESET
   Definitions
      At line 1 in file exp2.s
   Uses
      None
Comment: RESET unused
__Vectors 00000000

Symbol: __Vectors
   Definitions
      At line 3 in file exp2.s
   Uses
      At line 2 in file exp2.s
Comment: __Vectors used once
2 symbols



ARM Macro Assembler    Page 1 Alphabetic symbol ordering
Relocatable symbols

Reset_Handler 00000000

Symbol: Reset_Handler
   Definitions
      At line 10 in file exp2.s
   Uses
      At line 5 in file exp2.s
      At line 9 in file exp2.s

STOP 0000001C

Symbol: STOP
   Definitions
      At line 18 in file exp2.s
   Uses
      At line 18 in file exp2.s
Comment: STOP used once
mycode 00000000

Symbol: mycode
   Definitions
      At line 7 in file exp2.s
   Uses
      None
Comment: mycode unused
3 symbols
336 symbols in table
