


ARM Macro Assembler    Page 1 


    1 00000000                 AREA             RESET, DATA, READONLY
    2 00000000                 EXPORT           __Vectors
    3 00000000         __Vectors
    4 00000000 10001000        DCD              0X10001000
    5 00000004 00000000        DCD              Reset_Handler
    6 00000008                 ALIGN
    7 00000008                 AREA             mycode, CODE, READONLY
    8 00000000                 ENTRY
    9 00000000                 EXPORT           Reset_Handler
   10 00000000         
   11 00000000         Reset_Handler
   12 00000000 4807            LDR              R0,=VAL1
   13 00000002 6803            LDR              R3,[R0]
   14 00000004 F04F 0101       MOV              R1,#1
   15 00000008 4A06            LDR              R2,=RES
   16 0000000A 2B00    FACT    CMP              R3,#0
   17 0000000C D003            BEQ              DONE
   18 0000000E FB01 F103       MUL              R1,R1,R3
   19 00000012 1E5B            SUBS             R3,R3,#1
   20 00000014 E7F9            B                FACT
   21 00000016 6011    DONE    STR              R1,[R2]
   22 00000018 E7FE    STOP    B                STOP
   23 0000001A 00 00 00000005 
                       VAL1    DCD              0x00000005
   24 00000020 00000000 
              00000000         AREA             MYDATA,DATA,READWRITE
   25 00000000 00000000 
                       RES     DCD              0
   26 00000004                 END
Command Line: --debug --xref --cpu=Cortex-M3 --apcs=interwork --depend=.\q2.d -
o.\q2.o -IC:\Keil\ARM\RV31\INC -IC:\Keil\ARM\CMSIS\Include -IC:\Keil\ARM\Inc\NX
P\LPC17xx --predefine="__EVAL SETA 1" --list=.\q2.lst lab5\q2.s



ARM Macro Assembler    Page 1 Alphabetic symbol ordering
Relocatable symbols

RESET 00000000

Symbol: RESET
   Definitions
      At line 1 in file lab5\q2.s
   Uses
      None
Comment: RESET unused
__Vectors 00000000

Symbol: __Vectors
   Definitions
      At line 3 in file lab5\q2.s
   Uses
      At line 2 in file lab5\q2.s
Comment: __Vectors used once
2 symbols



ARM Macro Assembler    Page 1 Alphabetic symbol ordering
Relocatable symbols

DONE 00000016

Symbol: DONE
   Definitions
      At line 21 in file lab5\q2.s
   Uses
      At line 17 in file lab5\q2.s
Comment: DONE used once
FACT 0000000A

Symbol: FACT
   Definitions
      At line 16 in file lab5\q2.s
   Uses
      At line 20 in file lab5\q2.s
Comment: FACT used once
Reset_Handler 00000000

Symbol: Reset_Handler
   Definitions
      At line 11 in file lab5\q2.s
   Uses
      At line 5 in file lab5\q2.s
      At line 9 in file lab5\q2.s

STOP 00000018

Symbol: STOP
   Definitions
      At line 22 in file lab5\q2.s
   Uses
      At line 22 in file lab5\q2.s
Comment: STOP used once
VAL1 0000001C

Symbol: VAL1
   Definitions
      At line 23 in file lab5\q2.s
   Uses
      At line 12 in file lab5\q2.s
Comment: VAL1 used once
mycode 00000000

Symbol: mycode
   Definitions
      At line 7 in file lab5\q2.s
   Uses
      None
Comment: mycode unused
6 symbols



ARM Macro Assembler    Page 1 Alphabetic symbol ordering
Relocatable symbols

MYDATA 00000000

Symbol: MYDATA
   Definitions
      At line 24 in file lab5\q2.s
   Uses
      None
Comment: MYDATA unused
RES 00000000

Symbol: RES
   Definitions
      At line 25 in file lab5\q2.s
   Uses
      At line 15 in file lab5\q2.s
Comment: RES used once
2 symbols
343 symbols in table
