


ARM Macro Assembler    Page 1 


    1 00000000                 AREA             RESET, DATA, READONLY
    2 00000000                 EXPORT           __Vectors
    3 00000000         __Vectors
    4 00000000 10001000        DCD              0x10001000
    5 00000004 00000000        DCD              Reset_Handler
    6 00000008                 ALIGN
    7 00000008                 AREA             mycode, CODE, READONLY
    8 00000000                 ENTRY
    9 00000000                 EXPORT           Reset_Handler
   10 00000000         Reset_Handler
   11 00000000 4816            LDR              R0, =SRC
   12 00000002 4917            LDR              R1, =A
   13 00000004 F1A1 0104       SUB              R1, R1, #4
   14 00000008 4A16            LDR              R2, =B
   15 0000000A F102 0218       ADD              R2, R2, #24
   16 0000000E EB00 0403 
                       LOOP    ADD              R4, R0, R3  ;load the address o
                                                            f new element
   17 00000012 6825            LDR              R5, [R4]    ; load the new elem
                                                            ent
   18 00000014 F101 0104       ADD              R1, R1, #4  ;push into full asc
                                                            ending stack
   19 00000018 600D            STR              R5, [R1]
   20 0000001A 6015            STR              R5, [R2]    ;push into empty de
                                                            scending stack
   21 0000001C F1A2 0204       SUB              R2, R2, #4
   22 00000020 F103 0304       ADD              R3, R3, #4  ; increment the ind
                                                            ex
   23 00000024 F1B3 0618       SUBS             R6, R3, #24 ; check for out bou
                                                            nds
   24 00000028 D1F1            BNE              LOOP
   25 0000002A F04F 0300       MOV              R3, #0      ;initialize counter
                                                            
   26 0000002E 680C    LOOP1   LDR              R4, [R1]    ;pop from full asce
                                                            nding stack
   27 00000030 F1A1 0104       SUB              R1, R1, #4
   28 00000034 F102 0204       ADD              R2, R2, #4  ;pop from empty des
                                                            cending stack
   29 00000038 6815            LDR              R5, [R2]
   30 0000003A F103 0301       ADD              R3, R3, #1  ; increment counter
                                                            
   31 0000003E 1F9E            SUBS             R6, R3, #6  ; check for out bou
                                                            nds
   32 00000040 D1F5            BNE              LOOP1
   33 00000042         STOP
   34 00000042 E7FE            B                STOP
   35 00000044 00000001 
              00000003 
              00000005 
              00000006 
              00000002 
              0000000C SRC     DCD              1, 3, 5, 6, 2, 12
   36 0000005C 00000000 
              00000000 
              00000000         AREA             mydata, DATA, READWRITE
   37 00000000 00000000 
              00000000 
              00000000 
              00000000 



ARM Macro Assembler    Page 2 


              00000000 
              00000000 A       DCD              0, 0, 0, 0, 0, 0 ;fully ascendi
                                                            ng stack
   38 00000018 00000000 
              00000000 
              00000000 
              00000000 
              00000000 
              00000000 B       DCD              0, 0, 0, 0, 0, 0 ; empty descen
                                                            ding stack
   39 00000030                 END
Command Line: --debug --xref --cpu=Cortex-M3 --apcs=interwork --depend=.\q5.d -
o.\q5.o -IC:\Keil\ARM\RV31\INC -IC:\Keil\ARM\CMSIS\Include -IC:\Keil\ARM\Inc\NX
P\LPC17xx --predefine="__EVAL SETA 1" --list=.\q5.lst lab5\q5.s



ARM Macro Assembler    Page 1 Alphabetic symbol ordering
Relocatable symbols

RESET 00000000

Symbol: RESET
   Definitions
      At line 1 in file lab5\q5.s
   Uses
      None
Comment: RESET unused
__Vectors 00000000

Symbol: __Vectors
   Definitions
      At line 3 in file lab5\q5.s
   Uses
      At line 2 in file lab5\q5.s
Comment: __Vectors used once
2 symbols



ARM Macro Assembler    Page 1 Alphabetic symbol ordering
Relocatable symbols

LOOP 0000000E

Symbol: LOOP
   Definitions
      At line 16 in file lab5\q5.s
   Uses
      At line 24 in file lab5\q5.s
Comment: LOOP used once
LOOP1 0000002E

Symbol: LOOP1
   Definitions
      At line 26 in file lab5\q5.s
   Uses
      At line 32 in file lab5\q5.s
Comment: LOOP1 used once
Reset_Handler 00000000

Symbol: Reset_Handler
   Definitions
      At line 10 in file lab5\q5.s
   Uses
      At line 5 in file lab5\q5.s
      At line 9 in file lab5\q5.s

SRC 00000044

Symbol: SRC
   Definitions
      At line 35 in file lab5\q5.s
   Uses
      At line 11 in file lab5\q5.s
Comment: SRC used once
STOP 00000042

Symbol: STOP
   Definitions
      At line 33 in file lab5\q5.s
   Uses
      At line 34 in file lab5\q5.s
Comment: STOP used once
mycode 00000000

Symbol: mycode
   Definitions
      At line 7 in file lab5\q5.s
   Uses
      None
Comment: mycode unused
6 symbols



ARM Macro Assembler    Page 1 Alphabetic symbol ordering
Relocatable symbols

A 00000000

Symbol: A
   Definitions
      At line 37 in file lab5\q5.s
   Uses
      At line 12 in file lab5\q5.s
Comment: A used once
B 00000018

Symbol: B
   Definitions
      At line 38 in file lab5\q5.s
   Uses
      At line 14 in file lab5\q5.s
Comment: B used once
mydata 00000000

Symbol: mydata
   Definitions
      At line 36 in file lab5\q5.s
   Uses
      None
Comment: mydata unused
3 symbols
344 symbols in table
